Using pre-set license
Built from '2020.3/staging' branch; Version is '2020.3.20f1 (41c4e627c95f) revision 4310246'; Using compiler version '192528614'; Build Type 'Release'
OS: 'Windows 10 Education; OS build 19044.1526; Version 2009; 64bit' Language: 'en' Physical Memory: 8089 MB
BatchMode: 1, IsHumanControllingUs: 0, StartBugReporterOnCrash: 0, Is64bit: 1, IsPro: 0

COMMAND LINE ARGUMENTS:
C:\Program Files\Unity\Hub\Editor\2020.3.20f1\Editor\Unity.exe
-adb2
-batchMode
-noUpm
-name
AssetImportWorker1
-projectPath
D:/fac(/master/sem 1/pjv/teme/tema4_pjv_3rd_person
-logFile
Logs/AssetImportWorker1.log
-srvPort
63970
Successfully changed project path to: D:/fac(/master/sem 1/pjv/teme/tema4_pjv_3rd_person
D:/fac(/master/sem 1/pjv/teme/tema4_pjv_3rd_person
Using Asset Import Pipeline V2.
Refreshing native plugins compatible for Editor in 48.59 ms, found 2 plugins.
Preloading 0 native plugins for Editor in 0.00 ms.
Initialize engine version: 2020.3.20f1 (41c4e627c95f)
[Subsystems] Discovering subsystems at path C:/Program Files/Unity/Hub/Editor/2020.3.20f1/Editor/Data/Resources/UnitySubsystems
[Subsystems] Discovering subsystems at path D:/fac(/master/sem 1/pjv/teme/tema4_pjv_3rd_person/Assets
GfxDevice: creating device client; threaded=0
Direct3D:
    Version:  Direct3D 11.0 [level 11.1]
    Renderer: Radeon (TM) R7 M445 (ID=0x6900)
    Vendor:   
    VRAM:     4086 MB
    Driver:   26.20.15026.1
Initialize mono
Mono path[0] = 'C:/Program Files/Unity/Hub/Editor/2020.3.20f1/Editor/Data/Managed'
Mono path[1] = 'C:/Program Files/Unity/Hub/Editor/2020.3.20f1/Editor/Data/MonoBleedingEdge/lib/mono/unityjit'
Mono config path = 'C:/Program Files/Unity/Hub/Editor/2020.3.20f1/Editor/Data/MonoBleedingEdge/etc'
Using monoOptions --debugger-agent=transport=dt_socket,embedding=1,server=y,suspend=n,address=127.0.0.1:56112
Begin MonoManager ReloadAssembly
Registering precompiled unity dll's ...
Register platform support module: C:/Program Files/Unity/Hub/Editor/2020.3.20f1/Editor/Data/PlaybackEngines/WebGLSupport/UnityEditor.WebGL.Extensions.dll
Register platform support module: C:/Program Files/Unity/Hub/Editor/2020.3.20f1/Editor/Data/PlaybackEngines/WindowsStandaloneSupport/UnityEditor.WindowsStandalone.Extensions.dll
Registered in 0.016359 seconds.
Native extension for WindowsStandalone target not found
Native extension for WebGL target not found
Refreshing native plugins compatible for Editor in 41.67 ms, found 2 plugins.
Preloading 0 native plugins for Editor in 0.00 ms.
Mono: successfully reloaded assembly
- Completed reload, in  8.694 seconds
Domain Reload Profiling:
	ReloadAssembly (8694ms)
		BeginReloadAssembly (130ms)
			ExecutionOrderSort (0ms)
			DisableScriptedObjects (0ms)
			BackupInstance (0ms)
			ReleaseScriptingObjects (0ms)
			CreateAndSetChildDomain (1ms)
		EndReloadAssembly (510ms)
			LoadAssemblies (131ms)
			RebuildTransferFunctionScriptingTraits (0ms)
			SetupTypeCache (188ms)
			ReleaseScriptCaches (0ms)
			RebuildScriptCaches (35ms)
			SetupLoadedEditorAssemblies (193ms)
				LogAssemblyErrors (0ms)
				InitializePlatformSupportModulesInManaged (5ms)
				SetLoadedEditorAssemblies (0ms)
				RefreshPlugins (42ms)
				BeforeProcessingInitializeOnLoad (22ms)
				ProcessInitializeOnLoadAttributes (94ms)
				ProcessInitializeOnLoadMethodAttributes (30ms)
				AfterProcessingInitializeOnLoad (0ms)
				EditorAssembliesLoaded (0ms)
			ExecutionOrderSort2 (0ms)
			AwakeInstancesAfterBackupRestoration (0ms)
Platform modules already initialized, skipping
Registering precompiled user dll's ...
Registered in 0.016085 seconds.
Begin MonoManager ReloadAssembly
Native extension for WindowsStandalone target not found
Native extension for WebGL target not found
Refreshing native plugins compatible for Editor in 0.39 ms, found 2 plugins.
Preloading 0 native plugins for Editor in 0.00 ms.
Mono: successfully reloaded assembly
- Completed reload, in  1.428 seconds
Domain Reload Profiling:
	ReloadAssembly (1432ms)
		BeginReloadAssembly (190ms)
			ExecutionOrderSort (0ms)
			DisableScriptedObjects (4ms)
			BackupInstance (0ms)
			ReleaseScriptingObjects (0ms)
			CreateAndSetChildDomain (26ms)
		EndReloadAssembly (1097ms)
			LoadAssemblies (209ms)
			RebuildTransferFunctionScriptingTraits (0ms)
			SetupTypeCache (340ms)
			ReleaseScriptCaches (0ms)
			RebuildScriptCaches (47ms)
			SetupLoadedEditorAssemblies (403ms)
				LogAssemblyErrors (0ms)
				InitializePlatformSupportModulesInManaged (6ms)
				SetLoadedEditorAssemblies (1ms)
				RefreshPlugins (0ms)
				BeforeProcessingInitializeOnLoad (84ms)
				ProcessInitializeOnLoadAttributes (296ms)
				ProcessInitializeOnLoadMethodAttributes (7ms)
				AfterProcessingInitializeOnLoad (9ms)
				EditorAssembliesLoaded (0ms)
			ExecutionOrderSort2 (0ms)
			AwakeInstancesAfterBackupRestoration (8ms)
Platform modules already initialized, skipping
========================================================================
Worker process is ready to serve import requests
Launched and connected shader compiler UnityShaderCompiler.exe after 0.08 seconds
Refreshing native plugins compatible for Editor in 0.43 ms, found 2 plugins.
Preloading 0 native plugins for Editor in 0.00 ms.
Unloading 1489 Unused Serialized files (Serialized files now loaded: 0)
System memory in use before: 158.5 MB.
System memory in use after: 158.5 MB.

Unloading 16 unused Assets to reduce memory usage. Loaded Objects now: 1954.
Total: 3.266800 ms (FindLiveObjects: 0.175900 ms CreateObjectMapping: 0.056300 ms MarkObjects: 2.903900 ms  DeleteObjects: 0.129700 ms)

AssetImportParameters requested are different than current active one (requested -> active):
  custom:framework-win-MediaFoundation: 216162199b28c13a410421893ffa2e32 -> 
  custom:video-decoder-ogg-theora: a1e56fd34408186e4bbccfd4996cb3dc -> 
  custom:container-muxer-webm: aa71ff27fc2769a1b78a27578f13a17b -> 
  custom:container-demuxer-webm: 4f35f7cbe854078d1ac9338744f61a02 -> 
  custom:container-demuxer-ogg: 62fdf1f143b41e24485cea50d1cbac27 -> 
  custom:video-encoder-webm-vp8: eb34c28f22e8b96e1ab97ce403110664 -> 
  custom:video-codec-MediaFoundation-h265: 746d11721c4dcdbdad8f713fa42b33f4 -> 
  custom:video-decoder-webm-vp8: 9c59270c3fd7afecdb556c50c9e8de78 -> 
  custom:audio-decoder-ogg-vorbis: bf7c407c2cedff20999df2af8eb42d56 -> 
  custom:audio-encoder-webm-vorbis: bf7c407c2cedff20999df2af8eb42d56 -> 
========================================================================
Received Import Request.
  path: Assets/prefaburi/more or less useless/NPC_doctor (type2).prefab
  artifactKey: Guid(ac6dd570295409d4a876c4708ae34fa7) Importer(815301076,1909f56bfc062723c751e8b465ee728b)
Start importing Assets/prefaburi/more or less useless/NPC_doctor (type2).prefab using Guid(ac6dd570295409d4a876c4708ae34fa7) Importer(815301076,1909f56bfc062723c751e8b465ee728b)  -> (artifact id: '04b06f71071d3317af3eee71e5f06369') in 0.522100 seconds 
  Import took 0.530039 seconds .

========================================================================
Received Import Request.
  Time since last request: 0.000300 seconds.
  path: Assets/prefaburi/more or less useless/NPC_doctor_1!!! (type1).prefab
  artifactKey: Guid(8c1da9c2de4e3fc448aacb87c27467d2) Importer(815301076,1909f56bfc062723c751e8b465ee728b)
Start importing Assets/prefaburi/more or less useless/NPC_doctor_1!!! (type1).prefab using Guid(8c1da9c2de4e3fc448aacb87c27467d2) Importer(815301076,1909f56bfc062723c751e8b465ee728b)  -> (artifact id: 'e8c60e5e676c30be05bfb2f46c464e73') in 0.124936 seconds 
  Import took 0.135068 seconds .

========================================================================
Received Import Request.
  Time since last request: 0.000865 seconds.
  path: Assets/prefaburi/more or less useless/NPC_doctor (type2) (cazut).prefab
  artifactKey: Guid(145866291003f1449971f64550195fcb) Importer(815301076,1909f56bfc062723c751e8b465ee728b)
Start importing Assets/prefaburi/more or less useless/NPC_doctor (type2) (cazut).prefab using Guid(145866291003f1449971f64550195fcb) Importer(815301076,1909f56bfc062723c751e8b465ee728b)  -> (artifact id: '35f0eddd3dc1ff1a850d62f35a398839') in 0.109046 seconds 
  Import took 0.118158 seconds .

========================================================================
Received Import Request.
  Time since last request: 1.026593 seconds.
  path: Assets/prefaburi/more or less useless/NPC_doctor (type1).prefab
  artifactKey: Guid(984ce7072cda54147b63d8a8e5d38511) Importer(815301076,1909f56bfc062723c751e8b465ee728b)
Start importing Assets/prefaburi/more or less useless/NPC_doctor (type1).prefab using Guid(984ce7072cda54147b63d8a8e5d38511) Importer(815301076,1909f56bfc062723c751e8b465ee728b)  -> (artifact id: '08f7f0e97f187bb7e6ece0f60f33ad22') in 0.157878 seconds 
  Import took 0.166959 seconds .

AssetImportWorkerClient::OnTransportError - code=2 error=End of file
